*********************************
Start clock..
Average time taken with p=1 and sqrt(elements)=8 : 0.01371s with comm time=0.01070s, comp time=0.00301s
Start clock..
Average time taken with p=2 and sqrt(elements)=8 : 0.01962s with comm time=0.01792s, comp time=0.00170s
Start clock..
Average time taken with p=4 and sqrt(elements)=8 : 0.01857s with comm time=0.01745s, comp time=0.00112s
Start clock..
Average time taken with p=8 and sqrt(elements)=8 : 0.01981s with comm time=0.01902s, comp time=0.00079s
--------------------------------------------------------------------------
mpirun noticed that the job aborted, but has no info as to the process
that caused that situation.
--------------------------------------------------------------------------
--------------------------------------------------------------------------
mpirun noticed that the job aborted, but has no info as to the process
that caused that situation.
--------------------------------------------------------------------------
--------------------------------------------------------------------------
mpirun noticed that the job aborted, but has no info as to the process
that caused that situation.
--------------------------------------------------------------------------
*******************************
*********************************
Start clock..
Average time taken with p=1 and sqrt(elements)=16 : 0.02397s with comm time=0.01099s, comp time=0.01297s
Start clock..
Average time taken with p=2 and sqrt(elements)=16 : 0.02488s with comm time=0.01819s, comp time=0.00669s
Start clock..
Average time taken with p=4 and sqrt(elements)=16 : 0.01763s with comm time=0.01424s, comp time=0.00339s
Start clock..
Average time taken with p=8 and sqrt(elements)=16 : 0.02983s with comm time=0.02789s, comp time=0.00194s
Start clock..
Average time taken with p=16 and sqrt(elements)=16 : 0.29184s with comm time=0.28945s, comp time=0.00240s
--------------------------------------------------------------------------
mpirun noticed that the job aborted, but has no info as to the process
that caused that situation.
--------------------------------------------------------------------------
--------------------------------------------------------------------------
mpirun noticed that the job aborted, but has no info as to the process
that caused that situation.
--------------------------------------------------------------------------
*******************************
*********************************
Start clock..
Average time taken with p=1 and sqrt(elements)=32 : 0.06218s with comm time=0.01141s, comp time=0.05077s
Start clock..
Average time taken with p=2 and sqrt(elements)=32 : 0.04486s with comm time=0.01909s, comp time=0.02577s
Start clock..
Average time taken with p=4 and sqrt(elements)=32 : 0.03725s with comm time=0.02408s, comp time=0.01317s
Start clock..
Average time taken with p=8 and sqrt(elements)=32 : 0.05139s with comm time=0.04456s, comp time=0.00683s
Start clock..
Average time taken with p=16 and sqrt(elements)=32 : 0.29242s with comm time=0.28786s, comp time=0.00456s
Start clock..
Average time taken with p=32 and sqrt(elements)=32 : 0.31384s with comm time=0.30904s, comp time=0.00480s
--------------------------------------------------------------------------
mpirun noticed that the job aborted, but has no info as to the process
that caused that situation.
--------------------------------------------------------------------------
*******************************
*********************************
Start clock..
Average time taken with p=1 and sqrt(elements)=64 : 0.21338s with comm time=0.01247s, comp time=0.20092s
Start clock..
Average time taken with p=2 and sqrt(elements)=64 : 0.12250s with comm time=0.02133s, comp time=0.10117s
Start clock..
Average time taken with p=4 and sqrt(elements)=64 : 0.06732s with comm time=0.01661s, comp time=0.05071s
Start clock..
Average time taken with p=8 and sqrt(elements)=64 : 0.14101s with comm time=0.11550s, comp time=0.02552s
Start clock..
Average time taken with p=16 and sqrt(elements)=64 : 0.31548s with comm time=0.30064s, comp time=0.01484s
Start clock..
Average time taken with p=32 and sqrt(elements)=64 : 0.35804s with comm time=0.34861s, comp time=0.00943s
Start clock..
Average time taken with p=64 and sqrt(elements)=64 : 0.47615s with comm time=0.46801s, comp time=0.00815s
*******************************
*********************************
Start clock..
Average time taken with p=1 and sqrt(elements)=128 : 0.82216s with comm time=0.01422s, comp time=0.80795s
Start clock..
Average time taken with p=2 and sqrt(elements)=128 : 0.42869s with comm time=0.02482s, comp time=0.40386s
Start clock..
Average time taken with p=4 and sqrt(elements)=128 : 0.24048s with comm time=0.03910s, comp time=0.20138s
Start clock..
Average time taken with p=8 and sqrt(elements)=128 : 0.14308s with comm time=0.04218s, comp time=0.10091s
Start clock..
Average time taken with p=16 and sqrt(elements)=128 : 0.38120s with comm time=0.32877s, comp time=0.05243s
Start clock..
Average time taken with p=32 and sqrt(elements)=128 : 0.31722s with comm time=0.28932s, comp time=0.02789s
Start clock..
Average time taken with p=64 and sqrt(elements)=128 : 0.49006s with comm time=0.47811s, comp time=0.01195s
*******************************
*********************************
Start clock..
Average time taken with p=1 and sqrt(elements)=256 : 3.22796s with comm time=0.01803s, comp time=3.20993s
Start clock..
Average time taken with p=2 and sqrt(elements)=256 : 1.63872s with comm time=0.02676s, comp time=1.61196s
Start clock..
Average time taken with p=4 and sqrt(elements)=256 : 0.85605s with comm time=0.05142s, comp time=0.80462s
Start clock..
Average time taken with p=8 and sqrt(elements)=256 : 0.43434s with comm time=0.03146s, comp time=0.40288s
Start clock..
Average time taken with p=16 and sqrt(elements)=256 : 0.52351s with comm time=0.32107s, comp time=0.20244s
Start clock..
Average time taken with p=32 and sqrt(elements)=256 : 0.42889s with comm time=0.32598s, comp time=0.10290s
Start clock..
Average time taken with p=64 and sqrt(elements)=256 : 0.28820s with comm time=0.23574s, comp time=0.05247s
*******************************
*********************************
Start clock..
Average time taken with p=1 and sqrt(elements)=512 : 12.85267s with comm time=0.02725s, comp time=12.82541s
Start clock..
Average time taken with p=2 and sqrt(elements)=512 : 6.46734s with comm time=0.03587s, comp time=6.43147s
Start clock..
Average time taken with p=4 and sqrt(elements)=512 : 3.25270s with comm time=0.04000s, comp time=3.21270s
Start clock..
Average time taken with p=8 and sqrt(elements)=512 : 1.64466s with comm time=0.03994s, comp time=1.60472s
Start clock..
Average time taken with p=16 and sqrt(elements)=512 : 1.15318s with comm time=0.34656s, comp time=0.80662s
Start clock..
Average time taken with p=32 and sqrt(elements)=512 : 0.95921s with comm time=0.55557s, comp time=0.40363s
Start clock..
Average time taken with p=64 and sqrt(elements)=512 : 0.62836s with comm time=0.42267s, comp time=0.20569s
*******************************
*********************************
Start clock..
Average time taken with p=1 and sqrt(elements)=1024 : 51.46180s with comm time=0.03835s, comp time=51.42345s
Start clock..
slurmd[n0000]: error: *** JOB 3521 CANCELLED AT 2017-10-19T09:37:09 ***
mpirun: killing job...

